<?xml version="1.0" encoding="UTF-8"?>
<!-- Generated by org.testng.reporters.JUnitReportReporter -->
<testsuite hostname="Shailu" failures="0" tests="6" name="automationdemo.test.TargetAutomation" time="11.027" errors="0" timestamp="2021-12-13T17:14:09 IST" skipped="3">
  <testcase classname="automationdemo.test.TargetAutomation" name="login1" time="4.840"/>
  <system-out/>
  <testcase classname="automationdemo.test.TargetAutomation" name="login2" time="3.132"/>
  <system-out/>
  <testcase classname="automationdemo.test.TargetAutomation" name="login3" time="3.055"/>
  <system-out/>
  <testcase classname="automationdemo.test.TargetAutomation" name="login">
    <skipped/>
  </testcase> <!-- login -->
  <system-out/>
  <testcase classname="automationdemo.test.TargetAutomation" name="VerifySocialLinks">
    <skipped/>
  </testcase> <!-- VerifySocialLinks -->
  <system-out/>
  <testcase classname="automationdemo.test.TargetAutomation" name="SortProducts">
    <skipped/>
  </testcase> <!-- SortProducts -->
  <system-out/>
</testsuite> <!-- automationdemo.test.TargetAutomation -->
